The system is: FreeBSD - 14.0-CURRENT - aarch64c
Compiling the C compiler identification source file "CMakeCCompilerId.c" succeeded.
Compiler: /usr/bin/cc 
Build flags: 
Id flags:  

The output was:
0


Compilation of the C compiler identification source "CMakeCCompilerId.c" produced "a.out"

The C compiler identification is Clang, found in "/usr/home/vishal/Project/ctello/build/CMakeFiles/3.24.0/CompilerIdC/a.out"

Compiling the CXX compiler identification source file "CMakeCXXCompilerId.cpp" succeeded.
Compiler: /usr/bin/c++ 
Build flags: 
Id flags:  

The output was:
0


Compilation of the CXX compiler identification source "CMakeCXXCompilerId.cpp" produced "a.out"

The CXX compiler identification is Clang, found in "/usr/home/vishal/Project/ctello/build/CMakeFiles/3.24.0/CompilerIdCXX/a.out"

Detecting C compiler ABI info compiled with the following output:
Change Dir: /usr/home/vishal/Project/ctello/build/CMakeFiles/CMakeTmp

Run Build Command(s):/usr/bin/make -f Makefile cmTC_36741/fast && /usr/bin/make  -f CMakeFiles/cmTC_36741.dir/build.make CMakeFiles/cmTC_36741.dir/build
Building C object CMakeFiles/cmTC_36741.dir/CMakeCCompilerABI.c.o
/usr/bin/cc   -v -MD -MT CMakeFiles/cmTC_36741.dir/CMakeCCompilerABI.c.o -MF CMakeFiles/cmTC_36741.dir/CMakeCCompilerABI.c.o.d -o CMakeFiles/cmTC_36741.dir/CMakeCCompilerABI.c.o -c /usr/local64/share/cmake/Modules/CMakeCCompilerABI.c
clang version 13.0.0
Target: aarch64-unknown-freebsd14.0
Thread model: posix
InstalledDir: /usr/local64/llvm-morello/bin
 (in-process)
 "/usr/local64/llvm-morello/bin/clang-13" -cc1 -triple aarch64-unknown-freebsd14.0 -emit-obj -mrelax-all --mrelax-relocations -disable-free -main-file-name CMakeCCompilerABI.c -mrelocation-model pic -pic-level 1 -fhalf-no-semantic-interposition -mframe-pointer=non-leaf -fno-rounding-math -mconstructor-aliases -munwind-tables -target-cpu generic -target-feature +neon -target-feature +v8.2a -target-feature +fp-armv8 -target-feature +dotprod -target-feature +fullfp16 -target-feature +spe -target-feature +ssbs -target-feature +rcpc -target-feature +morello -target-feature +c64 -target-abi purecap -mllvm -cheri-cap-table-abi=pcrel -fallow-half-arguments-and-returns -debugger-tuning=gdb -v -fcoverage-compilation-dir=/usr/home/vishal/Project/ctello/build/CMakeFiles/CMakeTmp -resource-dir /usr/local64/llvm-morello/lib/clang/13.0.0 -dependency-file CMakeFiles/cmTC_36741.dir/CMakeCCompilerABI.c.o.d -MT CMakeFiles/cmTC_36741.dir/CMakeCCompilerABI.c.o -sys-header-deps -I. -I/usr/include -I/usr/local/include -I/usr/local64/include -c-isystem . -c-isystem /usr/include -c-isystem /usr/local/include -c-isystem /usr/local64/include -fdebug-compilation-dir=/usr/home/vishal/Project/ctello/build/CMakeFiles/CMakeTmp -ferror-limit 19 -fno-signed-char -fgnuc-version=4.2.1 -morello-vararg=new -faddrsig -D__GCC_HAVE_DWARF2_CFI_ASM=1 -o CMakeFiles/cmTC_36741.dir/CMakeCCompilerABI.c.o -x c /usr/local64/share/cmake/Modules/CMakeCCompilerABI.c
clang -cc1 version 13.0.0 based upon LLVM 13.0.0git default target aarch64-unknown-freebsd14.0
ignoring duplicate directory "."
  as it is a non-system directory that duplicates a system directory
ignoring duplicate directory "/usr/include"
  as it is a non-system directory that duplicates a system directory
ignoring duplicate directory "/usr/local/include"
  as it is a non-system directory that duplicates a system directory
ignoring duplicate directory "/usr/local64/include"
  as it is a non-system directory that duplicates a system directory
ignoring duplicate directory "/usr/include"
#include "..." search starts here:
#include <...> search starts here:
 .
 /usr/include
 /usr/local/include
 /usr/local64/include
 /usr/local64/llvm-morello/lib/clang/13.0.0/include
End of search list.
Linking C executable cmTC_36741
/usr/local64/bin/cmake -E cmake_link_script CMakeFiles/cmTC_36741.dir/link.txt --verbose=1
/usr/bin/cc  -v CMakeFiles/cmTC_36741.dir/CMakeCCompilerABI.c.o -o cmTC_36741 
clang version 13.0.0
Target: aarch64-unknown-freebsd14.0
Thread model: posix
InstalledDir: /usr/local64/llvm-morello/bin
 "/usr/local64/llvm-morello/bin/ld" -pie --eh-frame-hdr -dynamic-linker /libexec/ld-elf.so.1 --enable-new-dtags -m aarch64elf_cheri --no-warn-mismatch -o cmTC_36741 /usr/lib/Scrt1.o /usr/lib/crtbeginS.o -L/usr/lib -L/usr/lib -L/usr/local/lib -L/usr/local64/lib CMakeFiles/cmTC_36741.dir/CMakeCCompilerABI.c.o --start-group -lgcc --as-needed -lgcc_s --no-as-needed -lc -lgcc --as-needed -lgcc_s --no-as-needed --end-group /usr/lib/crtendS.o



Parsed C implicit include dir info from above output: rv=done
  found start of include info
  found start of implicit include info
    add: [.]
    add: [/usr/include]
    add: [/usr/local/include]
    add: [/usr/local64/include]
    add: [/usr/local64/llvm-morello/lib/clang/13.0.0/include]
  end of search list found
  skipping relative include dir [.]
  collapse include dir [/usr/include] ==> [/usr/include]
  collapse include dir [/usr/local/include] ==> [/usr/local/include]
  collapse include dir [/usr/local64/include] ==> [/usr/local64/include]
  collapse include dir [/usr/local64/llvm-morello/lib/clang/13.0.0/include] ==> [/usr/local64/llvm-morello/lib/clang/13.0.0/include]
  implicit include dirs: [/usr/include;/usr/local/include;/usr/local64/include;/usr/local64/llvm-morello/lib/clang/13.0.0/include]


Parsed C implicit link information from above output:
  link line regex: [^( *|.*[/\])(ld\.lld|CMAKE_LINK_STARTFILE-NOTFOUND|([^/\]+-)?ld|collect2)[^/\]*( |$)]
  ignore line: [Change Dir: /usr/home/vishal/Project/ctello/build/CMakeFiles/CMakeTmp]
  ignore line: []
  ignore line: [Run Build Command(s):/usr/bin/make -f Makefile cmTC_36741/fast && /usr/bin/make  -f CMakeFiles/cmTC_36741.dir/build.make CMakeFiles/cmTC_36741.dir/build]
  ignore line: [Building C object CMakeFiles/cmTC_36741.dir/CMakeCCompilerABI.c.o]
  ignore line: [/usr/bin/cc   -v -MD -MT CMakeFiles/cmTC_36741.dir/CMakeCCompilerABI.c.o -MF CMakeFiles/cmTC_36741.dir/CMakeCCompilerABI.c.o.d -o CMakeFiles/cmTC_36741.dir/CMakeCCompilerABI.c.o -c /usr/local64/share/cmake/Modules/CMakeCCompilerABI.c]
  ignore line: [clang version 13.0.0]
  ignore line: [Target: aarch64-unknown-freebsd14.0]
  ignore line: [Thread model: posix]
  ignore line: [InstalledDir: /usr/local64/llvm-morello/bin]
  ignore line: [ (in-process)]
  ignore line: [ "/usr/local64/llvm-morello/bin/clang-13" -cc1 -triple aarch64-unknown-freebsd14.0 -emit-obj -mrelax-all --mrelax-relocations -disable-free -main-file-name CMakeCCompilerABI.c -mrelocation-model pic -pic-level 1 -fhalf-no-semantic-interposition -mframe-pointer=non-leaf -fno-rounding-math -mconstructor-aliases -munwind-tables -target-cpu generic -target-feature +neon -target-feature +v8.2a -target-feature +fp-armv8 -target-feature +dotprod -target-feature +fullfp16 -target-feature +spe -target-feature +ssbs -target-feature +rcpc -target-feature +morello -target-feature +c64 -target-abi purecap -mllvm -cheri-cap-table-abi=pcrel -fallow-half-arguments-and-returns -debugger-tuning=gdb -v -fcoverage-compilation-dir=/usr/home/vishal/Project/ctello/build/CMakeFiles/CMakeTmp -resource-dir /usr/local64/llvm-morello/lib/clang/13.0.0 -dependency-file CMakeFiles/cmTC_36741.dir/CMakeCCompilerABI.c.o.d -MT CMakeFiles/cmTC_36741.dir/CMakeCCompilerABI.c.o -sys-header-deps -I. -I/usr/include -I/usr/local/include -I/usr/local64/include -c-isystem . -c-isystem /usr/include -c-isystem /usr/local/include -c-isystem /usr/local64/include -fdebug-compilation-dir=/usr/home/vishal/Project/ctello/build/CMakeFiles/CMakeTmp -ferror-limit 19 -fno-signed-char -fgnuc-version=4.2.1 -morello-vararg=new -faddrsig -D__GCC_HAVE_DWARF2_CFI_ASM=1 -o CMakeFiles/cmTC_36741.dir/CMakeCCompilerABI.c.o -x c /usr/local64/share/cmake/Modules/CMakeCCompilerABI.c]
  ignore line: [clang -cc1 version 13.0.0 based upon LLVM 13.0.0git default target aarch64-unknown-freebsd14.0]
  ignore line: [ignoring duplicate directory "."]
  ignore line: [  as it is a non-system directory that duplicates a system directory]
  ignore line: [ignoring duplicate directory "/usr/include"]
  ignore line: [  as it is a non-system directory that duplicates a system directory]
  ignore line: [ignoring duplicate directory "/usr/local/include"]
  ignore line: [  as it is a non-system directory that duplicates a system directory]
  ignore line: [ignoring duplicate directory "/usr/local64/include"]
  ignore line: [  as it is a non-system directory that duplicates a system directory]
  ignore line: [ignoring duplicate directory "/usr/include"]
  ignore line: [#include "..." search starts here:]
  ignore line: [#include <...> search starts here:]
  ignore line: [ .]
  ignore line: [ /usr/include]
  ignore line: [ /usr/local/include]
  ignore line: [ /usr/local64/include]
  ignore line: [ /usr/local64/llvm-morello/lib/clang/13.0.0/include]
  ignore line: [End of search list.]
  ignore line: [Linking C executable cmTC_36741]
  ignore line: [/usr/local64/bin/cmake -E cmake_link_script CMakeFiles/cmTC_36741.dir/link.txt --verbose=1]
  ignore line: [/usr/bin/cc  -v CMakeFiles/cmTC_36741.dir/CMakeCCompilerABI.c.o -o cmTC_36741 ]
  ignore line: [clang version 13.0.0]
  ignore line: [Target: aarch64-unknown-freebsd14.0]
  ignore line: [Thread model: posix]
  ignore line: [InstalledDir: /usr/local64/llvm-morello/bin]
  link line: [ "/usr/local64/llvm-morello/bin/ld" -pie --eh-frame-hdr -dynamic-linker /libexec/ld-elf.so.1 --enable-new-dtags -m aarch64elf_cheri --no-warn-mismatch -o cmTC_36741 /usr/lib/Scrt1.o /usr/lib/crtbeginS.o -L/usr/lib -L/usr/lib -L/usr/local/lib -L/usr/local64/lib CMakeFiles/cmTC_36741.dir/CMakeCCompilerABI.c.o --start-group -lgcc --as-needed -lgcc_s --no-as-needed -lc -lgcc --as-needed -lgcc_s --no-as-needed --end-group /usr/lib/crtendS.o]
    arg [/usr/local64/llvm-morello/bin/ld] ==> ignore
    arg [-pie] ==> ignore
    arg [--eh-frame-hdr] ==> ignore
    arg [-dynamic-linker] ==> ignore
    arg [/libexec/ld-elf.so.1] ==> ignore
    arg [--enable-new-dtags] ==> ignore
    arg [-m] ==> ignore
    arg [aarch64elf_cheri] ==> ignore
    arg [--no-warn-mismatch] ==> ignore
    arg [-o] ==> ignore
    arg [cmTC_36741] ==> ignore
    arg [/usr/lib/Scrt1.o] ==> obj [/usr/lib/Scrt1.o]
    arg [/usr/lib/crtbeginS.o] ==> obj [/usr/lib/crtbeginS.o]
    arg [-L/usr/lib] ==> dir [/usr/lib]
    arg [-L/usr/lib] ==> dir [/usr/lib]
    arg [-L/usr/local/lib] ==> dir [/usr/local/lib]
    arg [-L/usr/local64/lib] ==> dir [/usr/local64/lib]
    arg [CMakeFiles/cmTC_36741.dir/CMakeCCompilerABI.c.o] ==> ignore
    arg [--start-group] ==> ignore
    arg [-lgcc] ==> lib [gcc]
    arg [--as-needed] ==> ignore
    arg [-lgcc_s] ==> lib [gcc_s]
    arg [--no-as-needed] ==> ignore
    arg [-lc] ==> lib [c]
    arg [-lgcc] ==> lib [gcc]
    arg [--as-needed] ==> ignore
    arg [-lgcc_s] ==> lib [gcc_s]
    arg [--no-as-needed] ==> ignore
    arg [--end-group] ==> ignore
    arg [/usr/lib/crtendS.o] ==> obj [/usr/lib/crtendS.o]
  collapse library dir [/usr/lib] ==> [/usr/lib]
  collapse library dir [/usr/lib] ==> [/usr/lib]
  collapse library dir [/usr/local/lib] ==> [/usr/local/lib]
  collapse library dir [/usr/local64/lib] ==> [/usr/local64/lib]
  implicit libs: [gcc;gcc_s;c;gcc;gcc_s]
  implicit objs: [/usr/lib/Scrt1.o;/usr/lib/crtbeginS.o;/usr/lib/crtendS.o]
  implicit dirs: [/usr/lib;/usr/local/lib;/usr/local64/lib]
  implicit fwks: []


Detecting CXX compiler ABI info compiled with the following output:
Change Dir: /usr/home/vishal/Project/ctello/build/CMakeFiles/CMakeTmp

Run Build Command(s):/usr/bin/make -f Makefile cmTC_eaeb5/fast && /usr/bin/make  -f CMakeFiles/cmTC_eaeb5.dir/build.make CMakeFiles/cmTC_eaeb5.dir/build
Building CXX object CMakeFiles/cmTC_eaeb5.dir/CMakeCXXCompilerABI.cpp.o
/usr/bin/c++   -v -MD -MT CMakeFiles/cmTC_eaeb5.dir/CMakeCXXCompilerABI.cpp.o -MF CMakeFiles/cmTC_eaeb5.dir/CMakeCXXCompilerABI.cpp.o.d -o CMakeFiles/cmTC_eaeb5.dir/CMakeCXXCompilerABI.cpp.o -c /usr/local64/share/cmake/Modules/CMakeCXXCompilerABI.cpp
clang version 13.0.0
Target: aarch64-unknown-freebsd14.0
Thread model: posix
InstalledDir: /usr/local64/llvm-morello/bin
 (in-process)
 "/usr/local64/llvm-morello/bin/clang-13" -cc1 -triple aarch64-unknown-freebsd14.0 -emit-obj -mrelax-all --mrelax-relocations -disable-free -main-file-name CMakeCXXCompilerABI.cpp -mrelocation-model pic -pic-level 1 -fhalf-no-semantic-interposition -mframe-pointer=non-leaf -fno-rounding-math -mconstructor-aliases -munwind-tables -target-cpu generic -target-feature +neon -target-feature +v8.2a -target-feature +fp-armv8 -target-feature +dotprod -target-feature +fullfp16 -target-feature +spe -target-feature +ssbs -target-feature +rcpc -target-feature +morello -target-feature +c64 -target-abi purecap -mllvm -cheri-cap-table-abi=pcrel -fallow-half-arguments-and-returns -debugger-tuning=gdb -v -fcoverage-compilation-dir=/usr/home/vishal/Project/ctello/build/CMakeFiles/CMakeTmp -resource-dir /usr/local64/llvm-morello/lib/clang/13.0.0 -dependency-file CMakeFiles/cmTC_eaeb5.dir/CMakeCXXCompilerABI.cpp.o.d -MT CMakeFiles/cmTC_eaeb5.dir/CMakeCXXCompilerABI.cpp.o -sys-header-deps -I. -I/usr/include -I/usr/local/include -I/usr/local64/include -c-isystem . -c-isystem /usr/include -c-isystem /usr/local/include -c-isystem /usr/local64/include -internal-isystem /usr/include/c++/v1 -fdeprecated-macro -fdebug-compilation-dir=/usr/home/vishal/Project/ctello/build/CMakeFiles/CMakeTmp -ferror-limit 19 -fno-signed-char -fgnuc-version=4.2.1 -fcxx-exceptions -fexceptions -morello-vararg=new -faddrsig -D__GCC_HAVE_DWARF2_CFI_ASM=1 -o CMakeFiles/cmTC_eaeb5.dir/CMakeCXXCompilerABI.cpp.o -x c++ /usr/local64/share/cmake/Modules/CMakeCXXCompilerABI.cpp
clang -cc1 version 13.0.0 based upon LLVM 13.0.0git default target aarch64-unknown-freebsd14.0
ignoring duplicate directory "/usr/include"
  as it is a non-system directory that duplicates a system directory
#include "..." search starts here:
#include <...> search starts here:
 .
 /usr/local/include
 /usr/local64/include
 /usr/include/c++/v1
 /usr/local64/llvm-morello/lib/clang/13.0.0/include
 /usr/include
End of search list.
Linking CXX executable cmTC_eaeb5
/usr/local64/bin/cmake -E cmake_link_script CMakeFiles/cmTC_eaeb5.dir/link.txt --verbose=1
/usr/bin/c++  -v CMakeFiles/cmTC_eaeb5.dir/CMakeCXXCompilerABI.cpp.o -o cmTC_eaeb5 
clang version 13.0.0
Target: aarch64-unknown-freebsd14.0
Thread model: posix
InstalledDir: /usr/local64/llvm-morello/bin
 "/usr/local64/llvm-morello/bin/ld" -pie --eh-frame-hdr -dynamic-linker /libexec/ld-elf.so.1 --enable-new-dtags -m aarch64elf_cheri --no-warn-mismatch -o cmTC_eaeb5 /usr/lib/Scrt1.o /usr/lib/crtbeginS.o -L/usr/lib -L/usr/lib -L/usr/local/lib -L/usr/local64/lib CMakeFiles/cmTC_eaeb5.dir/CMakeCXXCompilerABI.cpp.o --start-group -lc++ -lm -lgcc --as-needed -lgcc_s --no-as-needed -lc -lgcc --as-needed -lgcc_s --no-as-needed --end-group /usr/lib/crtendS.o



Parsed CXX implicit include dir info from above output: rv=done
  found start of include info
  found start of implicit include info
    add: [.]
    add: [/usr/local/include]
    add: [/usr/local64/include]
    add: [/usr/include/c++/v1]
    add: [/usr/local64/llvm-morello/lib/clang/13.0.0/include]
    add: [/usr/include]
  end of search list found
  skipping relative include dir [.]
  collapse include dir [/usr/local/include] ==> [/usr/local/include]
  collapse include dir [/usr/local64/include] ==> [/usr/local64/include]
  collapse include dir [/usr/include/c++/v1] ==> [/usr/include/c++/v1]
  collapse include dir [/usr/local64/llvm-morello/lib/clang/13.0.0/include] ==> [/usr/local64/llvm-morello/lib/clang/13.0.0/include]
  collapse include dir [/usr/include] ==> [/usr/include]
  implicit include dirs: [/usr/local/include;/usr/local64/include;/usr/include/c++/v1;/usr/local64/llvm-morello/lib/clang/13.0.0/include;/usr/include]


Parsed CXX implicit link information from above output:
  link line regex: [^( *|.*[/\])(ld\.lld|CMAKE_LINK_STARTFILE-NOTFOUND|([^/\]+-)?ld|collect2)[^/\]*( |$)]
  ignore line: [Change Dir: /usr/home/vishal/Project/ctello/build/CMakeFiles/CMakeTmp]
  ignore line: []
  ignore line: [Run Build Command(s):/usr/bin/make -f Makefile cmTC_eaeb5/fast && /usr/bin/make  -f CMakeFiles/cmTC_eaeb5.dir/build.make CMakeFiles/cmTC_eaeb5.dir/build]
  ignore line: [Building CXX object CMakeFiles/cmTC_eaeb5.dir/CMakeCXXCompilerABI.cpp.o]
  ignore line: [/usr/bin/c++   -v -MD -MT CMakeFiles/cmTC_eaeb5.dir/CMakeCXXCompilerABI.cpp.o -MF CMakeFiles/cmTC_eaeb5.dir/CMakeCXXCompilerABI.cpp.o.d -o CMakeFiles/cmTC_eaeb5.dir/CMakeCXXCompilerABI.cpp.o -c /usr/local64/share/cmake/Modules/CMakeCXXCompilerABI.cpp]
  ignore line: [clang version 13.0.0]
  ignore line: [Target: aarch64-unknown-freebsd14.0]
  ignore line: [Thread model: posix]
  ignore line: [InstalledDir: /usr/local64/llvm-morello/bin]
  ignore line: [ (in-process)]
  ignore line: [ "/usr/local64/llvm-morello/bin/clang-13" -cc1 -triple aarch64-unknown-freebsd14.0 -emit-obj -mrelax-all --mrelax-relocations -disable-free -main-file-name CMakeCXXCompilerABI.cpp -mrelocation-model pic -pic-level 1 -fhalf-no-semantic-interposition -mframe-pointer=non-leaf -fno-rounding-math -mconstructor-aliases -munwind-tables -target-cpu generic -target-feature +neon -target-feature +v8.2a -target-feature +fp-armv8 -target-feature +dotprod -target-feature +fullfp16 -target-feature +spe -target-feature +ssbs -target-feature +rcpc -target-feature +morello -target-feature +c64 -target-abi purecap -mllvm -cheri-cap-table-abi=pcrel -fallow-half-arguments-and-returns -debugger-tuning=gdb -v -fcoverage-compilation-dir=/usr/home/vishal/Project/ctello/build/CMakeFiles/CMakeTmp -resource-dir /usr/local64/llvm-morello/lib/clang/13.0.0 -dependency-file CMakeFiles/cmTC_eaeb5.dir/CMakeCXXCompilerABI.cpp.o.d -MT CMakeFiles/cmTC_eaeb5.dir/CMakeCXXCompilerABI.cpp.o -sys-header-deps -I. -I/usr/include -I/usr/local/include -I/usr/local64/include -c-isystem . -c-isystem /usr/include -c-isystem /usr/local/include -c-isystem /usr/local64/include -internal-isystem /usr/include/c++/v1 -fdeprecated-macro -fdebug-compilation-dir=/usr/home/vishal/Project/ctello/build/CMakeFiles/CMakeTmp -ferror-limit 19 -fno-signed-char -fgnuc-version=4.2.1 -fcxx-exceptions -fexceptions -morello-vararg=new -faddrsig -D__GCC_HAVE_DWARF2_CFI_ASM=1 -o CMakeFiles/cmTC_eaeb5.dir/CMakeCXXCompilerABI.cpp.o -x c++ /usr/local64/share/cmake/Modules/CMakeCXXCompilerABI.cpp]
  ignore line: [clang -cc1 version 13.0.0 based upon LLVM 13.0.0git default target aarch64-unknown-freebsd14.0]
  ignore line: [ignoring duplicate directory "/usr/include"]
  ignore line: [  as it is a non-system directory that duplicates a system directory]
  ignore line: [#include "..." search starts here:]
  ignore line: [#include <...> search starts here:]
  ignore line: [ .]
  ignore line: [ /usr/local/include]
  ignore line: [ /usr/local64/include]
  ignore line: [ /usr/include/c++/v1]
  ignore line: [ /usr/local64/llvm-morello/lib/clang/13.0.0/include]
  ignore line: [ /usr/include]
  ignore line: [End of search list.]
  ignore line: [Linking CXX executable cmTC_eaeb5]
  ignore line: [/usr/local64/bin/cmake -E cmake_link_script CMakeFiles/cmTC_eaeb5.dir/link.txt --verbose=1]
  ignore line: [/usr/bin/c++  -v CMakeFiles/cmTC_eaeb5.dir/CMakeCXXCompilerABI.cpp.o -o cmTC_eaeb5 ]
  ignore line: [clang version 13.0.0]
  ignore line: [Target: aarch64-unknown-freebsd14.0]
  ignore line: [Thread model: posix]
  ignore line: [InstalledDir: /usr/local64/llvm-morello/bin]
  link line: [ "/usr/local64/llvm-morello/bin/ld" -pie --eh-frame-hdr -dynamic-linker /libexec/ld-elf.so.1 --enable-new-dtags -m aarch64elf_cheri --no-warn-mismatch -o cmTC_eaeb5 /usr/lib/Scrt1.o /usr/lib/crtbeginS.o -L/usr/lib -L/usr/lib -L/usr/local/lib -L/usr/local64/lib CMakeFiles/cmTC_eaeb5.dir/CMakeCXXCompilerABI.cpp.o --start-group -lc++ -lm -lgcc --as-needed -lgcc_s --no-as-needed -lc -lgcc --as-needed -lgcc_s --no-as-needed --end-group /usr/lib/crtendS.o]
    arg [/usr/local64/llvm-morello/bin/ld] ==> ignore
    arg [-pie] ==> ignore
    arg [--eh-frame-hdr] ==> ignore
    arg [-dynamic-linker] ==> ignore
    arg [/libexec/ld-elf.so.1] ==> ignore
    arg [--enable-new-dtags] ==> ignore
    arg [-m] ==> ignore
    arg [aarch64elf_cheri] ==> ignore
    arg [--no-warn-mismatch] ==> ignore
    arg [-o] ==> ignore
    arg [cmTC_eaeb5] ==> ignore
    arg [/usr/lib/Scrt1.o] ==> obj [/usr/lib/Scrt1.o]
    arg [/usr/lib/crtbeginS.o] ==> obj [/usr/lib/crtbeginS.o]
    arg [-L/usr/lib] ==> dir [/usr/lib]
    arg [-L/usr/lib] ==> dir [/usr/lib]
    arg [-L/usr/local/lib] ==> dir [/usr/local/lib]
    arg [-L/usr/local64/lib] ==> dir [/usr/local64/lib]
    arg [CMakeFiles/cmTC_eaeb5.dir/CMakeCXXCompilerABI.cpp.o] ==> ignore
    arg [--start-group] ==> ignore
    arg [-lc++] ==> lib [c++]
    arg [-lm] ==> lib [m]
    arg [-lgcc] ==> lib [gcc]
    arg [--as-needed] ==> ignore
    arg [-lgcc_s] ==> lib [gcc_s]
    arg [--no-as-needed] ==> ignore
    arg [-lc] ==> lib [c]
    arg [-lgcc] ==> lib [gcc]
    arg [--as-needed] ==> ignore
    arg [-lgcc_s] ==> lib [gcc_s]
    arg [--no-as-needed] ==> ignore
    arg [--end-group] ==> ignore
    arg [/usr/lib/crtendS.o] ==> obj [/usr/lib/crtendS.o]
  collapse library dir [/usr/lib] ==> [/usr/lib]
  collapse library dir [/usr/lib] ==> [/usr/lib]
  collapse library dir [/usr/local/lib] ==> [/usr/local/lib]
  collapse library dir [/usr/local64/lib] ==> [/usr/local64/lib]
  implicit libs: [c++;m;gcc;gcc_s;c;gcc;gcc_s]
  implicit objs: [/usr/lib/Scrt1.o;/usr/lib/crtbeginS.o;/usr/lib/crtendS.o]
  implicit dirs: [/usr/lib;/usr/local/lib;/usr/local64/lib]
  implicit fwks: []


Determining if the function pthread_create exists in the pthread passed with the following output:
Change Dir: /usr/home/vishal/Project/ctello/build/CMakeFiles/CMakeTmp

Run Build Command(s):/usr/bin/make -f Makefile cmTC_3859d/fast && /usr/bin/make  -f CMakeFiles/cmTC_3859d.dir/build.make CMakeFiles/cmTC_3859d.dir/build
Building C object CMakeFiles/cmTC_3859d.dir/CheckFunctionExists.c.o
/usr/bin/cc   -DCHECK_FUNCTION_EXISTS=pthread_create -MD -MT CMakeFiles/cmTC_3859d.dir/CheckFunctionExists.c.o -MF CMakeFiles/cmTC_3859d.dir/CheckFunctionExists.c.o.d -o CMakeFiles/cmTC_3859d.dir/CheckFunctionExists.c.o -c /usr/local64/share/cmake/Modules/CheckFunctionExists.c
Linking C executable cmTC_3859d
/usr/local64/bin/cmake -E cmake_link_script CMakeFiles/cmTC_3859d.dir/link.txt --verbose=1
/usr/bin/cc  -DCHECK_FUNCTION_EXISTS=pthread_create CMakeFiles/cmTC_3859d.dir/CheckFunctionExists.c.o -o cmTC_3859d  -lpthread 



