Performing C SOURCE FILE Test CMAKE_HAVE_LIBC_PTHREAD failed with the following output:
Change Dir: /usr/home/vishal/Project/ctello/build/CMakeFiles/CMakeTmp

Run Build Command(s):/usr/bin/make -f Makefile cmTC_bcfa1/fast && /usr/bin/make  -f CMakeFiles/cmTC_bcfa1.dir/build.make CMakeFiles/cmTC_bcfa1.dir/build
Building C object CMakeFiles/cmTC_bcfa1.dir/src.c.o
/usr/bin/cc -DCMAKE_HAVE_LIBC_PTHREAD   -MD -MT CMakeFiles/cmTC_bcfa1.dir/src.c.o -MF CMakeFiles/cmTC_bcfa1.dir/src.c.o.d -o CMakeFiles/cmTC_bcfa1.dir/src.c.o -c /usr/home/vishal/Project/ctello/build/CMakeFiles/CMakeTmp/src.c
Linking C executable cmTC_bcfa1
/usr/local64/bin/cmake -E cmake_link_script CMakeFiles/cmTC_bcfa1.dir/link.txt --verbose=1
/usr/bin/cc CMakeFiles/cmTC_bcfa1.dir/src.c.o -o cmTC_bcfa1 
ld: error: undefined symbol: pthread_create
>>> referenced by src.c
>>>               CMakeFiles/cmTC_bcfa1.dir/src.c.o:(main)
clang-13: error: linker command failed with exit code 1 (use -v to see invocation)
*** Error code 1

Stop.
make[1]: stopped in /usr/home/vishal/Project/ctello/build/CMakeFiles/CMakeTmp
*** Error code 1

Stop.
make: stopped in /usr/home/vishal/Project/ctello/build/CMakeFiles/CMakeTmp


Source file was:
#include <pthread.h>

static void* test_func(void* data)
{
  return data;
}

int main(void)
{
  pthread_t thread;
  pthread_create(&thread, NULL, test_func, NULL);
  pthread_detach(thread);
  pthread_cancel(thread);
  pthread_join(thread, NULL);
  pthread_atfork(NULL, NULL, NULL);
  pthread_exit(NULL);

  return 0;
}

Determining if the function pthread_create exists in the pthreads failed with the following output:
Change Dir: /usr/home/vishal/Project/ctello/build/CMakeFiles/CMakeTmp

Run Build Command(s):/usr/bin/make -f Makefile cmTC_19f8b/fast && /usr/bin/make  -f CMakeFiles/cmTC_19f8b.dir/build.make CMakeFiles/cmTC_19f8b.dir/build
Building C object CMakeFiles/cmTC_19f8b.dir/CheckFunctionExists.c.o
/usr/bin/cc   -DCHECK_FUNCTION_EXISTS=pthread_create -MD -MT CMakeFiles/cmTC_19f8b.dir/CheckFunctionExists.c.o -MF CMakeFiles/cmTC_19f8b.dir/CheckFunctionExists.c.o.d -o CMakeFiles/cmTC_19f8b.dir/CheckFunctionExists.c.o -c /usr/local64/share/cmake/Modules/CheckFunctionExists.c
Linking C executable cmTC_19f8b
/usr/local64/bin/cmake -E cmake_link_script CMakeFiles/cmTC_19f8b.dir/link.txt --verbose=1
/usr/bin/cc  -DCHECK_FUNCTION_EXISTS=pthread_create CMakeFiles/cmTC_19f8b.dir/CheckFunctionExists.c.o -o cmTC_19f8b  -lpthreads 
ld: error: unable to find library -lpthreads
clang-13: error: linker command failed with exit code 1 (use -v to see invocation)
*** Error code 1

Stop.
make[1]: stopped in /usr/home/vishal/Project/ctello/build/CMakeFiles/CMakeTmp
*** Error code 1

Stop.
make: stopped in /usr/home/vishal/Project/ctello/build/CMakeFiles/CMakeTmp



